<?xml version="1.0" encoding="UTF-8"?>
<testsuite xmlns:xsi="http://www.w3.org/2001/XMLSchema-instance" xsi:noNamespaceSchemaLocation="https://maven.apache.org/surefire/maven-surefire-plugin/xsd/surefire-test-report-3.0.xsd" version="3.0" name="br.com.example.cicdswagger.controller.DisciplinaControllerTest" time="2.11" tests="3" errors="0" skipped="0" failures="0">
  <properties>
[...]
</properties>
  <testcase name="deveCriarNovaDisciplina" classname="br.com.example.cicdswagger.controller.DisciplinaControllerTest" time="0.606">
    <system-out><![CDATA[17:25:36.942 [main] INFO org.springframework.test.context.support.AnnotationConfigContextLoaderUtils -- Could not detect default configuration classes for test class [br.com.example.cicdswagger.controller.DisciplinaControllerTest]: DisciplinaControllerTest does not declare any static, non-private, non-final, nested classes annotated with @Configuration.
17:25:37.059 [main] INFO org.springframework.boot.test.context.SpringBootTestContextBootstrapper -- Found @SpringBootConfiguration br.com.example.cicdswagger.CiCdSwaggerApplication for test class br.com.example.cicdswagger.controller.DisciplinaControllerTest

  .   ____          _            __ _ _
 /\\ / ___'_ __ _ _(_)_ __  __ _ \ \ \ \
( ( )\___ | '_ | '_| | '_ \/ _` | \ \ \ \
 \\/  ___)| |_)| | | | | || (_| |  ) ) ) )
  '  |____| .__|_| |_|_| |_\__, | / / / /
 =========|_|==============|___/=/_/_/_/
 :: Spring Boot ::                (v3.1.4)

2025-11-02T17:25:37.335-03:00  INFO 42130 --- [           main] b.c.e.c.c.DisciplinaControllerTest       : Starting DisciplinaControllerTest using Java 25.0.1 with PID 42130 (started by ruthmendonca in /Users/ruthmendonca/ci-cd-s/CI-CD-Swagger)
2025-11-02T17:25:37.336-03:00  INFO 42130 --- [           main] b.c.e.c.c.DisciplinaControllerTest       : No active profile set, falling back to 1 default profile: "default"
2025-11-02T17:25:38.211-03:00  INFO 42130 --- [           main] o.s.b.t.m.w.SpringBootMockServletContext : Initializing Spring TestDispatcherServlet ''
2025-11-02T17:25:38.212-03:00  INFO 42130 --- [           main] o.s.t.web.servlet.TestDispatcherServlet  : Initializing Servlet ''
2025-11-02T17:25:38.213-03:00  INFO 42130 --- [           main] o.s.t.web.servlet.TestDispatcherServlet  : Completed initialization in 1 ms
2025-11-02T17:25:38.230-03:00  INFO 42130 --- [           main] b.c.e.c.c.DisciplinaControllerTest       : Started DisciplinaControllerTest in 1.077 seconds (process running for 2.206)
]]></system-out>
    <system-err><![CDATA[WARNING: A Java agent has been loaded dynamically (/Users/ruthmendonca/.m2/repository/net/bytebuddy/byte-buddy-agent/1.14.8/byte-buddy-agent-1.14.8.jar)
WARNING: If a serviceability tool is in use, please run with -XX:+EnableDynamicAgentLoading to hide this warning
WARNING: If a serviceability tool is not in use, please run with -Djdk.instrument.traceUsage for more information
WARNING: Dynamic loading of agents will be disallowed by default in a future release
]]></system-err>
  </testcase>
  <testcase name="deveBuscarDisciplinaPorId" classname="br.com.example.cicdswagger.controller.DisciplinaControllerTest" time="0.006"/>
  <testcase name="deveListarTodasDisciplinas" classname="br.com.example.cicdswagger.controller.DisciplinaControllerTest" time="0.005"/>
</testsuite>